Arguments: 
  C:\Program Files\nodejs\node.exe C:\Program Files\Yarn\bin\yarn.js add stylus-loader

PATH: 
  C:\Program Files\Git\mingw32\bin;C:\Program Files\Git\usr\bin;C:\Users\u\bin;C:\Python27;C:\Python27\Scripts;C:\Windows\system32;C:\Windows;C:\Windows\System32\Wbem;C:\Windows\System32\WindowsPowerShell\v1.0;C:\ProgramData\chocolatey\bin;C:\Program Files\Git\cmd;C:\Program Files\Git\mingw32\bin;C:\Program Files\Git\usr\bin;C:\xampp\php;C:\ProgramData\ComposerSetup\bin;C:\Program Files\Yarn\bin;C:\Program Files\nodejs;C:\VS code\bin;E:\Microsoft VS Code\bin;C:\Users\u\AppData\Roaming\Composer\vendor\bin;C:\Users\u\AppData\Local\Yarn\bin;C:\Users\u\AppData\Roaming\npm

Yarn version: 
  1.21.1

Node version: 
  12.14.0

Platform: 
  win32 ia32

Trace: 
  Error: connect EHOSTUNREACH 104.16.26.35:443
      at TCPConnectWrap.afterConnect [as oncomplete] (net.js:1129:14)

npm manifest: 
  {
    "name": "vue_todo",
    "version": "0.1.0",
    "private": true,
    "scripts": {
      "serve": "vue-cli-service serve",
      "build": "vue-cli-service build",
      "lint": "vue-cli-service lint"
    },
    "dependencies": {
      "core-js": "^3.6.4",
      "vue": "^2.6.11",
      "vuetify": "^2.2.11"
    },
    "devDependencies": {
      "@vue/cli-plugin-babel": "~4.2.0",
      "@vue/cli-plugin-eslint": "~4.2.0",
      "@vue/cli-service": "~4.2.0",
      "babel-eslint": "^10.0.3",
      "eslint": "^6.7.2",
      "eslint-plugin-vue": "^6.1.2",
      "sass": "^1.19.0",
      "sass-loader": "^8.0.0",
      "vue-cli-plugin-vuetify": "~2.0.5",
      "vue-template-compiler": "^2.6.11",
      "vuetify-loader": "^1.3.0"
    },
    "eslintConfig": {
      "root": true,
      "env": {
        "node": true
      },
      "extends": [
        "plugin:vue/essential",
        "eslint:recommended"
      ],
      "parserOptions": {
        "parser": "babel-eslint"
      },
      "rules": {}
    },
    "browserslist": [
      "> 1%",
      "last 2 versions"
    ]
  }

yarn manifest: 
  No manifest

Lockfile: 
  No lockfile
